<test-run id="2" duration="0.019043900000000002" testcasecount="8" total="8" passed="6" failed="2" inconclusive="0" skipped="0" result="Failed" start-time="2026-05-21T01:14:36Z" end-time="2026-05-21T01:14:36Z">
  <test-suite type="Assembly" name="rocket-car-dotnet.dll" fullname="/Users/ryabuki/src/github.com/cloudbees-oss/smart-tests-integration-examples/.claude/worktrees/support-dotnet-junit/dotnet/bin/Debug/net8.0/rocket-car-dotnet.dll" total="8" passed="6" failed="2" inconclusive="0" skipped="0" result="Failed" start-time="2026-05-21T01:14:36Z" end-time="2026-05-21T01:14:36Z" duration="0.0190439">
    <test-suite type="TestSuite" name="rocket_car_dotnet" fullname="rocket_car_dotnet" total="8" passed="6" failed="2" inconclusive="0" skipped="0" result="Failed" start-time="2026-05-21T01:14:36Z" end-time="2026-05-21T01:14:36Z" duration="0.0190439">
      <test-suite type="TestFixture" name="AddCalculatorTest" fullname="rocket_car_dotnet.AddCalculatorTest" classname="rocket_car_dotnet.AddCalculatorTest" total="2" passed="1" failed="1" inconclusive="0" skipped="0" result="Failed" start-time="2026-05-21T01:14:36Z" end-time="2026-05-21T01:14:36Z" duration="0.016568">
        <test-case name="TestAdd" fullname="rocket_car_dotnet.AddCalculatorTest.TestAdd" methodname="TestAdd" classname="AddCalculatorTest" result="Passed" start-time="2026-05-21T01:14:36Z" end-time="2026-05-21T01:14:36Z" duration="0.00384" asserts="0" seed="1154974817" />
        <test-case name="TestAddFailing" fullname="rocket_car_dotnet.AddCalculatorTest.TestAddFailing" methodname="TestAddFailing" classname="AddCalculatorTest" result="Failed" start-time="2026-05-21T01:14:36Z" end-time="2026-05-21T01:14:36Z" duration="0.012728" asserts="0" seed="954266098">
          <failure>
            <message>  Expected: 999
  But was:  5
</message>
            <stack-trace>   at rocket_car_dotnet.AddCalculatorTest.TestAddFailing() in /Users/ryabuki/src/github.com/cloudbees-oss/smart-tests-integration-examples/.claude/worktrees/support-dotnet-junit/dotnet/AddCalculatorTest.cs:line 19

1)    at rocket_car_dotnet.AddCalculatorTest.TestAddFailing() in /Users/ryabuki/src/github.com/cloudbees-oss/smart-tests-integration-examples/.claude/worktrees/support-dotnet-junit/dotnet/AddCalculatorTest.cs:line 19

</stack-trace>
          </failure>
        </test-case>
      </test-suite>
      <test-suite type="TestFixture" name="DivideCalculatorTest" fullname="rocket_car_dotnet.DivideCalculatorTest" classname="rocket_car_dotnet.DivideCalculatorTest" total="3" passed="2" failed="1" inconclusive="0" skipped="0" result="Failed" start-time="2026-05-21T01:14:36Z" end-time="2026-05-21T01:14:36Z" duration="0.002256">
        <test-case name="TestDivide" fullname="rocket_car_dotnet.DivideCalculatorTest.TestDivide" methodname="TestDivide" classname="DivideCalculatorTest" result="Passed" start-time="2026-05-21T01:14:36Z" end-time="2026-05-21T01:14:36Z" duration="0.000507" asserts="0" seed="830455237" />
        <test-case name="TestDivideByZero" fullname="rocket_car_dotnet.DivideCalculatorTest.TestDivideByZero" methodname="TestDivideByZero" classname="DivideCalculatorTest" result="Passed" start-time="2026-05-21T01:14:36Z" end-time="2026-05-21T01:14:36Z" duration="0.000886" asserts="0" seed="203301358" />
        <test-case name="TestDivideFailing" fullname="rocket_car_dotnet.DivideCalculatorTest.TestDivideFailing" methodname="TestDivideFailing" classname="DivideCalculatorTest" result="Failed" start-time="2026-05-21T01:14:36Z" end-time="2026-05-21T01:14:36Z" duration="0.000863" asserts="0" seed="568231661">
          <failure>
            <message>  Expected: 99.0d
  But was:  5.0d
</message>
            <stack-trace>   at rocket_car_dotnet.DivideCalculatorTest.TestDivideFailing() in /Users/ryabuki/src/github.com/cloudbees-oss/smart-tests-integration-examples/.claude/worktrees/support-dotnet-junit/dotnet/DivideCalculatorTest.cs:line 25

1)    at rocket_car_dotnet.DivideCalculatorTest.TestDivideFailing() in /Users/ryabuki/src/github.com/cloudbees-oss/smart-tests-integration-examples/.claude/worktrees/support-dotnet-junit/dotnet/DivideCalculatorTest.cs:line 25

</stack-trace>
          </failure>
        </test-case>
      </test-suite>
      <test-suite type="TestFixture" name="MultiplyCalculatorTest" fullname="rocket_car_dotnet.MultiplyCalculatorTest" classname="rocket_car_dotnet.MultiplyCalculatorTest" total="1" passed="1" failed="0" inconclusive="0" skipped="0" result="Passed" start-time="2026-05-21T01:14:36Z" end-time="2026-05-21T01:14:36Z" duration="7.49E-05">
        <test-case name="TestMultiply" fullname="rocket_car_dotnet.MultiplyCalculatorTest.TestMultiply" methodname="TestMultiply" classname="MultiplyCalculatorTest" result="Passed" start-time="2026-05-21T01:14:36Z" end-time="2026-05-21T01:14:36Z" duration="7.49E-05" asserts="0" seed="976939196" />
      </test-suite>
      <test-suite type="TestFixture" name="PowerCalculatorTest" fullname="rocket_car_dotnet.PowerCalculatorTest" classname="rocket_car_dotnet.PowerCalculatorTest" total="1" passed="1" failed="0" inconclusive="0" skipped="0" result="Passed" start-time="2026-05-21T01:14:36Z" end-time="2026-05-21T01:14:36Z" duration="8.1E-05">
        <test-case name="TestPower" fullname="rocket_car_dotnet.PowerCalculatorTest.TestPower" methodname="TestPower" classname="PowerCalculatorTest" result="Passed" start-time="2026-05-21T01:14:36Z" end-time="2026-05-21T01:14:36Z" duration="8.1E-05" asserts="0" seed="549603072" />
      </test-suite>
      <test-suite type="TestFixture" name="SubtractCalculatorTest" fullname="rocket_car_dotnet.SubtractCalculatorTest" classname="rocket_car_dotnet.SubtractCalculatorTest" total="1" passed="1" failed="0" inconclusive="0" skipped="0" result="Passed" start-time="2026-05-21T01:14:36Z" end-time="2026-05-21T01:14:36Z" duration="6.4E-05">
        <test-case name="TestSubtract" fullname="rocket_car_dotnet.SubtractCalculatorTest.TestSubtract" methodname="TestSubtract" classname="SubtractCalculatorTest" result="Passed" start-time="2026-05-21T01:14:36Z" end-time="2026-05-21T01:14:36Z" duration="6.4E-05" asserts="0" seed="1353352827" />
      </test-suite>
    </test-suite>
    <errors />
  </test-suite>
</test-run>
