<?xml version="1.0" encoding="UTF-8"?>
<robot generator="Robot 7.4.2 (Python 3.13.13 on darwin)" generated="2026-06-04T16:18:55.667057" rpa="false" schemaversion="5">
<suite id="s1" name="Robot" source="/Users/ryabuki/src/github.com/cloudbees-oss/smart-tests-integration-examples/robot">
<suite id="s1-s1" name="Minus" source="/Users/ryabuki/src/github.com/cloudbees-oss/smart-tests-integration-examples/robot/minus.robot">
<test id="s1-s1-t1" name="Check method" line="6">
<kw name="Result Is" owner="Calculator">
<arg>-1</arg>
<status status="NOT RUN" start="2026-06-04T16:18:55.688016" elapsed="0.000060"/>
</kw>
<status status="PASS" start="2026-06-04T16:18:55.687743" elapsed="0.000411"/>
</test>
<test id="s1-s1-t2" name="Minus method" line="9">
<kw name="Plus" owner="Calculator">
<arg>1</arg>
<status status="NOT RUN" start="2026-06-04T16:18:55.688330" elapsed="0.000034"/>
</kw>
<kw name="Minus" owner="Calculator">
<arg>1</arg>
<status status="NOT RUN" start="2026-06-04T16:18:55.688410" elapsed="0.000021"/>
</kw>
<kw name="Result Is" owner="Calculator">
<arg>0</arg>
<status status="NOT RUN" start="2026-06-04T16:18:55.688468" elapsed="0.000018"/>
</kw>
<status status="PASS" start="2026-06-04T16:18:55.688231" elapsed="0.000296"/>
</test>
<test id="s1-s1-t3" name="Minus method 2" line="14">
<kw name="Plus" owner="Calculator">
<arg>10</arg>
<status status="NOT RUN" start="2026-06-04T16:18:55.688668" elapsed="0.000020"/>
</kw>
<kw name="Minus" owner="Calculator">
<arg>20</arg>
<status status="NOT RUN" start="2026-06-04T16:18:55.688722" elapsed="0.000017"/>
</kw>
<kw name="Result Is" owner="Calculator">
<arg>-10</arg>
<status status="NOT RUN" start="2026-06-04T16:18:55.688772" elapsed="0.000017"/>
</kw>
<status status="PASS" start="2026-06-04T16:18:55.688587" elapsed="0.000240"/>
</test>
<status status="PASS" start="2026-06-04T16:18:55.686349" elapsed="0.002607"/>
</suite>
<suite id="s1-s2" name="Plus" source="/Users/ryabuki/src/github.com/cloudbees-oss/smart-tests-integration-examples/robot/plus.robot">
<test id="s1-s2-t1" name="Check method" line="6">
<kw name="Result Is" owner="Calculator">
<arg>-1</arg>
<status status="NOT RUN" start="2026-06-04T16:18:55.689659" elapsed="0.000021"/>
</kw>
<status status="PASS" start="2026-06-04T16:18:55.689575" elapsed="0.000142"/>
</test>
<test id="s1-s2-t2" name="Plus method" line="9">
<kw name="Plus" owner="Calculator">
<arg>1</arg>
<status status="NOT RUN" start="2026-06-04T16:18:55.689845" elapsed="0.000020"/>
</kw>
<kw name="Plus" owner="Calculator">
<arg>1</arg>
<status status="NOT RUN" start="2026-06-04T16:18:55.689897" elapsed="0.000017"/>
</kw>
<kw name="Result Is" owner="Calculator">
<arg>2</arg>
<status status="NOT RUN" start="2026-06-04T16:18:55.689945" elapsed="0.000016"/>
</kw>
<status status="PASS" start="2026-06-04T16:18:55.689772" elapsed="0.000225"/>
</test>
<test id="s1-s2-t3" name="Plus method 2" line="14">
<kw name="Plus" owner="Calculator">
<arg>10</arg>
<status status="NOT RUN" start="2026-06-04T16:18:55.690120" elapsed="0.000021"/>
</kw>
<kw name="Plus" owner="Calculator">
<arg>20</arg>
<status status="NOT RUN" start="2026-06-04T16:18:55.690175" elapsed="0.000018"/>
</kw>
<kw name="Result Is" owner="Calculator">
<arg>30</arg>
<status status="NOT RUN" start="2026-06-04T16:18:55.690226" elapsed="0.000016"/>
</kw>
<status status="PASS" start="2026-06-04T16:18:55.690050" elapsed="0.000227"/>
</test>
<status status="PASS" start="2026-06-04T16:18:55.689089" elapsed="0.001258"/>
</suite>
<status status="PASS" start="2026-06-04T16:18:55.668356" elapsed="0.022122"/>
</suite>
<statistics>
<total>
<stat pass="6" fail="0" skip="0">All Tests</stat>
</total>
<tag>
</tag>
<suite>
<stat name="Robot" id="s1" pass="6" fail="0" skip="0">Robot</stat>
<stat name="Minus" id="s1-s1" pass="3" fail="0" skip="0">Robot.Minus</stat>
<stat name="Plus" id="s1-s2" pass="3" fail="0" skip="0">Robot.Plus</stat>
</suite>
</statistics>
<errors>
</errors>
</robot>
